<?xml version="1.0" encoding="UTF-8"?>
<!-- Generated by org.testng.reporters.JUnitReportReporter -->
<testsuite hostname="Hash" failures="0" tests="1" name="testcases.PaymentTestCase" time="24.149" errors="0" timestamp="2025-08-03T16:19:40 PKT" skipped="0">
  <testcase classname="testcases.PaymentTestCase" name="testcourses" time="24.149"/>
</testsuite> <!-- testcases.PaymentTestCase -->
