<?xml version="1.0" encoding="UTF-8"?>
<!-- Generated by org.testng.reporters.JUnitReportReporter -->
<testsuite hostname="DESKTOP-17SERUT" failures="0" tests="1" name="testcases.LoginTest" time="9.368" errors="0" timestamp="2025-07-17T22:55:17 PKT" skipped="0">
  <testcase classname="testcases.LoginTest" name="verifyLogin" time="9.368"/>
</testsuite> <!-- testcases.LoginTest -->
