<?xml version="1.0" encoding="UTF-8"?>
<!-- Generated by org.testng.reporters.JUnitReportReporter -->
<testsuite hostname="Hash" failures="0" tests="1" name="testcases.DashbaordTestCase" time="75.842" errors="0" timestamp="2025-08-03T10:02:12 PKT" skipped="0">
  <testcase classname="testcases.DashbaordTestCase" name="testcourses" time="75.842"/>
</testsuite> <!-- testcases.DashbaordTestCase -->
