<?xml version="1.0" encoding="UTF-8"?>
<!-- Generated by org.testng.reporters.JUnitReportReporter -->
<testsuite hostname="Hash" failures="0" tests="1" name="testcases.SearchTestCase" time="214.706" errors="0" timestamp="2025-08-03T08:54:42 PKT" skipped="0">
  <testcase classname="testcases.SearchTestCase" name="searchCourseTest" time="214.706"/>
</testsuite> <!-- testcases.SearchTestCase -->
