<?xml version="1.0" encoding="UTF-8"?>
<!-- Generated by org.testng.reporters.JUnitReportReporter -->
<testsuite hostname="DESKTOP-17SERUT" failures="0" tests="1" name="testcases.testcasedemo" time="0.029" errors="0" timestamp="2025-07-17T22:28:44 PKT" skipped="0">
  <testcase classname="testcases.testcasedemo" name="testcheck" time="0.029"/>
</testsuite> <!-- testcases.testcasedemo -->
